[12:37:24] [main/INFO] (FabricLoader/GameProvider) Loading Minecraft 1.18.2 with Fabric Loader 0.13.3
[12:37:24] [main/INFO] (FabricLoader) Loading 49 mods:
	- carpet 1.4.66
	- fabric 0.47.8+1.18.2
	- fabric-api-base 0.4.3+d7c144a8d2
	- fabric-api-lookup-api-v1 1.5.6+d7c144a8d2
	- fabric-biome-api-v1 8.0.1+2873dd57d2
	- fabric-blockrenderlayer-v1 1.1.11+3ac43d95d2
	- fabric-command-api-v1 1.1.8+d7c144a8d2
	- fabric-commands-v0 0.2.7+b4f4f6cdd2
	- fabric-containers-v0 0.1.20+d7c144a8d2
	- fabric-content-registries-v0 3.0.0+d82b9392d2
	- fabric-crash-report-info-v1 0.1.10+3ac43d95d2
	- fabric-data-generation-api-v1 2.0.4+ebd24f87d2
	- fabric-dimensions-v1 2.1.16+25407454d2
	- fabric-entity-events-v1 1.4.7+d7c144a8d2
	- fabric-events-interaction-v0 0.4.18+d7c144a8d2
	- fabric-events-lifecycle-v0 0.2.12+d7c144a8d2
	- fabric-game-rule-api-v1 1.0.12+d7c144a8d2
	- fabric-gametest-api-v1 1.0.13+25407454d2
	- fabric-item-api-v1 1.3.2+691a79b5d2
	- fabric-item-groups-v0 0.3.8+3ac43d95d2
	- fabric-key-binding-api-v1 1.0.11+54e5b2ecd2
	- fabric-keybindings-v0 0.2.9+b4f4f6cdd2
	- fabric-lifecycle-events-v1 2.0.1+25407454d2
	- fabric-loot-tables-v1 1.0.10+d7c144a8d2
	- fabric-mining-level-api-v1 2.0.2+d1027f7dd2
	- fabric-models-v0 0.3.5+d7c144a8d2
	- fabric-networking-api-v1 1.0.20+d882b915d2
	- fabric-networking-v0 0.3.7+b4f4f6cdd2
	- fabric-object-builder-api-v1 2.0.1+d882b915d2
	- fabric-particles-v1 0.2.11+526dc1acd2
	- fabric-registry-sync-v0 0.9.5+55dca1a4d2
	- fabric-renderer-api-v1 0.4.12+d882b915d2
	- fabric-renderer-indigo 0.4.16+d8c7b9aed2
	- fabric-renderer-registries-v1 3.2.10+b4f4f6cdd2
	- fabric-rendering-data-attachment-v1 0.3.6+d7c144a8d2
	- fabric-rendering-fluids-v1 2.0.1+54e5b2ecd2
	- fabric-rendering-v0 1.1.12+b4f4f6cdd2
	- fabric-rendering-v1 1.10.6+54e5b2ecd2
	- fabric-resource-conditions-api-v1 2.0.1+d1027f7dd2
	- fabric-resource-loader-v0 0.4.16+55dca1a4d2
	- fabric-screen-api-v1 1.0.9+d882b915d2
	- fabric-screen-handler-api-v1 1.1.13+d7c144a8d2
	- fabric-textures-v0 1.0.11+3ac43d95d2
	- fabric-transfer-api-v1 1.5.12+d882b915d2
	- fabricloader 0.13.3
	- java 17
	- minecraft 1.18.2
	- modmenu 3.1.0
	- osp ${version}
[12:37:27] [main/WARN] (FabricLoader/Metadata) Mod `osp` (${version}) does not respect SemVer - comparison support is limited.
[12:37:27] [main/INFO] (FabricLoader/Mixin) SpongePowered MIXIN Subsystem Version=0.8.5 Source=file:/C:/Users/drew_/.gradle/caches/modules-2/files-2.1/net.fabricmc/sponge-mixin/0.11.2+mixin.0.8.5/f4ae569d559b5e3244b67321945261d83ff7ad8e/sponge-mixin-0.11.2+mixin.0.8.5.jar Service=Knot/Fabric Env=CLIENT
[12:37:28] [main/INFO] (FabricLoader/Mixin) Loaded Fabric development mappings for mixin remapper!
[12:37:28] [main/INFO] (FabricLoader/Mixin) Compatibility level set to JAVA_16
[12:37:28] [main/INFO] (FabricLoader/Mixin) Compatibility level set to JAVA_17
[12:37:28] [main/ERROR] (FabricLoader/Mixin) osp.mixins.json:PlayerMixin: Super class 'net.minecraft.server.network.ServerPlayerEntity' of PlayerMixin was not found in the hierarchy of target class 'net/minecraft/server/network/ServerPlayerEntity'
org.spongepowered.asm.mixin.transformer.throwables.InvalidMixinException: Super class 'net.minecraft.server.network.ServerPlayerEntity' of PlayerMixin was not found in the hierarchy of target class 'net/minecraft/server/network/ServerPlayerEntity'
	at org.spongepowered.asm.mixin.transformer.MixinInfo$SubType$Standard.validate(MixinInfo.java:594) ~[sponge-mixin-0.11.2+mixin.0.8.5.jar:0.11.2+mixin.0.8.5]
	at org.spongepowered.asm.mixin.transformer.MixinInfo$State.validate(MixinInfo.java:328) ~[sponge-mixin-0.11.2+mixin.0.8.5.jar:0.11.2+mixin.0.8.5]
	at org.spongepowered.asm.mixin.transformer.MixinInfo.validate(MixinInfo.java:914) ~[sponge-mixin-0.11.2+mixin.0.8.5.jar:0.11.2+mixin.0.8.5]
	at org.spongepowered.asm.mixin.transformer.MixinConfig.postInitialise(MixinConfig.java:803) [sponge-mixin-0.11.2+mixin.0.8.5.jar:0.11.2+mixin.0.8.5]
	at org.spongepowered.asm.mixin.transformer.MixinProcessor.prepareConfigs(MixinProcessor.java:568) [sponge-mixin-0.11.2+mixin.0.8.5.jar:0.11.2+mixin.0.8.5]
	at org.spongepowered.asm.mixin.transformer.MixinProcessor.select(MixinProcessor.java:462) [sponge-mixin-0.11.2+mixin.0.8.5.jar:0.11.2+mixin.0.8.5]
	at org.spongepowered.asm.mixin.transformer.MixinProcessor.checkSelect(MixinProcessor.java:438) [sponge-mixin-0.11.2+mixin.0.8.5.jar:0.11.2+mixin.0.8.5]
	at org.spongepowered.asm.mixin.transformer.MixinProcessor.applyMixins(MixinProcessor.java:290) [sponge-mixin-0.11.2+mixin.0.8.5.jar:0.11.2+mixin.0.8.5]
	at org.spongepowered.asm.mixin.transformer.MixinTransformer.transformClass(MixinTransformer.java:234) [sponge-mixin-0.11.2+mixin.0.8.5.jar:0.11.2+mixin.0.8.5]
	at org.spongepowered.asm.mixin.transformer.MixinTransformer.transformClassBytes(MixinTransformer.java:202) [sponge-mixin-0.11.2+mixin.0.8.5.jar:0.11.2+mixin.0.8.5]
	at net.fabricmc.loader.impl.launch.knot.KnotClassDelegate.getPostMixinClassByteArray(KnotClassDelegate.java:247) [fabric-loader-0.13.3.jar:?]
	at net.fabricmc.loader.impl.launch.knot.KnotClassDelegate.tryLoadClass(KnotClassDelegate.java:150) [fabric-loader-0.13.3.jar:?]
	at net.fabricmc.loader.impl.launch.knot.KnotClassLoader.loadClass(KnotClassLoader.java:155) [fabric-loader-0.13.3.jar:?]
	at java.lang.ClassLoader.loadClass(Unknown Source) [?:?]
	at net.fabricmc.loader.impl.game.minecraft.MinecraftGameProvider.launch(MinecraftGameProvider.java:414) [fabric-loader-0.13.3.jar:?]
	at net.fabricmc.loader.impl.launch.knot.Knot.launch(Knot.java:77) [fabric-loader-0.13.3.jar:?]
	at net.fabricmc.loader.impl.launch.knot.KnotClient.main(KnotClient.java:23) [fabric-loader-0.13.3.jar:?]
	at net.fabricmc.devlaunchinjector.Main.main(Main.java:86) [dev-launch-injector-0.2.1+build.8.jar:?]
[12:37:33] [main/WARN] (FabricLoader/Mixin) @Inject(@At("INVOKE")) Shift.BY=3 on fabric-lifecycle-events-v1.mixins.json:client.WorldChunkMixin::handler$bae000$onLoadBlockEntity exceeds the maximum allowed value: 0. Increase the value of maxShiftBy to suppress this warning.
[12:37:36] [Render thread/INFO] (Minecraft) Environment: authHost='https://authserver.mojang.com', accountsHost='https://api.mojang.com', sessionHost='https://sessionserver.mojang.com', servicesHost='https://api.minecraftservices.com', name='PROD'
[12:37:37] [Render thread/ERROR] (Minecraft) Failed to verify authentication
com.mojang.authlib.exceptions.InvalidCredentialsException: Status: 401
	at com.mojang.authlib.exceptions.MinecraftClientHttpException.toAuthenticationException(MinecraftClientHttpException.java:56) ~[authlib-3.3.39.jar:?]
	at com.mojang.authlib.yggdrasil.YggdrasilUserApiService.fetchProperties(YggdrasilUserApiService.java:132) ~[authlib-3.3.39.jar:?]
	at com.mojang.authlib.yggdrasil.YggdrasilUserApiService.<init>(YggdrasilUserApiService.java:44) ~[authlib-3.3.39.jar:?]
	at com.mojang.authlib.yggdrasil.YggdrasilAuthenticationService.createUserApiService(YggdrasilAuthenticationService.java:153) ~[authlib-3.3.39.jar:?]
	at net.minecraft.client.MinecraftClient.createUserApiService(MinecraftClient.java:673) [minecraft-project-@-merged-named.jar:?]
	at net.minecraft.client.MinecraftClient.<init>(MinecraftClient.java:495) [minecraft-project-@-merged-named.jar:?]
	at net.minecraft.client.main.Main.main(Main.java:178) [minecraft-project-@-merged-named.jar:?]
	at jdk.internal.reflect.NativeMethodAccessorImpl.invoke0(Native Method) ~[?:?]
	at jdk.internal.reflect.NativeMethodAccessorImpl.invoke(Unknown Source) ~[?:?]
	at jdk.internal.reflect.DelegatingMethodAccessorImpl.invoke(Unknown Source) ~[?:?]
	at java.lang.reflect.Method.invoke(Unknown Source) ~[?:?]
	at net.fabricmc.loader.impl.game.minecraft.MinecraftGameProvider.launch(MinecraftGameProvider.java:416) [fabric-loader-0.13.3.jar:?]
	at net.fabricmc.loader.impl.launch.knot.Knot.launch(Knot.java:77) [fabric-loader-0.13.3.jar:?]
	at net.fabricmc.loader.impl.launch.knot.KnotClient.main(KnotClient.java:23) [fabric-loader-0.13.3.jar:?]
	at net.fabricmc.devlaunchinjector.Main.main(Main.java:86) [dev-launch-injector-0.2.1+build.8.jar:?]
Caused by: com.mojang.authlib.exceptions.MinecraftClientHttpException: Status: 401
	at com.mojang.authlib.minecraft.client.MinecraftClient.readInputStream(MinecraftClient.java:78) ~[authlib-3.3.39.jar:?]
	at com.mojang.authlib.minecraft.client.MinecraftClient.get(MinecraftClient.java:48) ~[authlib-3.3.39.jar:?]
	at com.mojang.authlib.yggdrasil.YggdrasilUserApiService.fetchProperties(YggdrasilUserApiService.java:113) ~[authlib-3.3.39.jar:?]
	... 13 more
[12:37:37] [Render thread/INFO] (Minecraft) Setting user: dcman58
[12:37:38] [Render thread/INFO] (Indigo) [Indigo] Registering Indigo renderer!
[12:37:39] [Render thread/INFO] (Minecraft) Backend library: LWJGL version 3.2.2 build 10
[12:37:42] [Render thread/INFO] (Minecraft) Narrator library for x64 successfully loaded
[12:37:43] [Render thread/INFO] (Minecraft) Reloading ResourceManager: Default, Fabric Mods (Fabric Rendering Data Attachment (v1), Fabric Models (v0), Fabric API, Fabric Resource Loader (v0), Fabric Game Rule API (v1), Fabric Data Generation API (v1), Fabric Rendering (v1), Fabric Renderer - Indigo, Fabric Object Builder API (v1), Fabric Rendering Fluids (v1), Carpet Mod, Fabric Containers (v0), Fabric Loot Tables (v1), Fabric Registry Sync (v0), Fabric Networking (v0), Fabric Biome API (v1), Fabric Command API (v1), Fabric Events Interaction (v0), Fabric Screen API (v1), Fabric Events Lifecycle (v0), Fabric Rendering (v0), Fabric Mining Level API (v1), Fabric Networking API (v1), Only Spectate Players, Fabric Renderer Registries (v1), Fabric Entity Events (v1), Fabric Particles (v1), Fabric Textures (v0), Mod Menu, Fabric Item API (v1), Fabric Commands (v0), Fabric Transfer API (v1), Fabric Screen Handler API (v1), Fabric Lifecycle Events (v1), Fabric Resource Conditions API (v1), Fabric Loader, Fabric Dimensions API (v1), Fabric BlockRenderLayer Registration (v1), Fabric Game Test API (v1), Fabric API Base, Fabric API Lookup API (v1), Fabric Content Registries (v0), Fabric Key Bindings (v0), Fabric Renderer API (v1), Fabric Item Groups (v0), Fabric Key Binding API (v1), Fabric Crash Report Info (v1))
[12:37:43] [Realms Notification Availability checker #1/INFO] (Minecraft) Could not authorize you against Realms server: Invalid session id
[12:37:47] [Render thread/INFO] (Minecraft) OpenAL initialized on device OpenAL Soft on Headphones (D’s Beats Solo³)
[12:37:47] [Render thread/INFO] (Minecraft) Sound engine started
[12:37:47] [Render thread/INFO] (Minecraft) Created: 1024x1024x4 minecraft:textures/atlas/blocks.png-atlas
[12:37:47] [Render thread/INFO] (Minecraft) Created: 256x128x4 minecraft:textures/atlas/signs.png-atlas
[12:37:47] [Render thread/INFO] (Minecraft) Created: 1024x512x4 minecraft:textures/atlas/banner_patterns.png-atlas
[12:37:47] [Render thread/INFO] (Minecraft) Created: 1024x512x4 minecraft:textures/atlas/shield_patterns.png-atlas
[12:37:47] [Render thread/INFO] (Minecraft) Created: 256x256x4 minecraft:textures/atlas/chest.png-atlas
[12:37:47] [Render thread/INFO] (Minecraft) Created: 512x256x4 minecraft:textures/atlas/beds.png-atlas
[12:37:47] [Render thread/INFO] (Minecraft) Created: 512x256x4 minecraft:textures/atlas/shulker_boxes.png-atlas
[12:37:48] [Render thread/INFO] (Minecraft) Created: 256x256x0 minecraft:textures/atlas/particles.png-atlas
[12:37:48] [Render thread/INFO] (Minecraft) Created: 256x256x0 minecraft:textures/atlas/paintings.png-atlas
[12:37:48] [Render thread/INFO] (Minecraft) Created: 256x128x0 minecraft:textures/atlas/mob_effects.png-atlas
[12:37:52] [Render thread/WARN] (Minecraft) Ambiguity between arguments [teleport, location] and [teleport, destination] with inputs: [0.1 -0.5 .9, 0 0 0]
[12:37:52] [Render thread/WARN] (Minecraft) Ambiguity between arguments [teleport, location] and [teleport, targets] with inputs: [0.1 -0.5 .9, 0 0 0]
[12:37:52] [Render thread/WARN] (Minecraft) Ambiguity between arguments [teleport, destination] and [teleport, targets] with inputs: [Player, 0123, @e, dd12be42-52a9-4a91-a8a1-11c01849e498]
[12:37:52] [Render thread/WARN] (Minecraft) Ambiguity between arguments [teleport, targets] and [teleport, destination] with inputs: [Player, 0123, dd12be42-52a9-4a91-a8a1-11c01849e498]
[12:37:52] [Render thread/WARN] (Minecraft) Ambiguity between arguments [teleport, targets, location] and [teleport, targets, destination] with inputs: [0.1 -0.5 .9, 0 0 0]
[12:37:52] [Render thread/WARN] (Minecraft) Ambiguity between arguments [osp, test] and [osp, player] with inputs: [test]
[12:37:53] [Render thread/INFO] (Minecraft) Loaded 7 recipes
[12:37:53] [Render thread/INFO] (Minecraft) Loaded 1141 advancements
[12:37:54] [Render thread/INFO] (Minecraft) Environment: authHost='https://authserver.mojang.com', accountsHost='https://api.mojang.com', sessionHost='https://sessionserver.mojang.com', servicesHost='https://api.minecraftservices.com', name='PROD'
[12:37:54] [Render thread/INFO] (BiomeModificationImpl) Applied 0 biome modifications to 0 of 61 new biomes in 1.874 ms
[12:37:54] [Server thread/INFO] (Minecraft) Starting integrated minecraft server version 1.18.2
[12:37:54] [Server thread/INFO] (Minecraft) Generating keypair
[12:37:55] [Server thread/INFO] (Minecraft) Preparing start region for dimension minecraft:overworld
[12:37:55] [Render thread/INFO] (Minecraft) Preparing spawn area: 0%
[12:37:55] [Render thread/INFO] (Minecraft) Preparing spawn area: 0%
[12:37:56] [Render thread/INFO] (Minecraft) Preparing spawn area: 0%
[12:37:56] [Render thread/INFO] (Minecraft) Preparing spawn area: 0%
[12:37:57] [Render thread/INFO] (Minecraft) Preparing spawn area: 1%
[12:37:57] [Render thread/INFO] (Minecraft) Preparing spawn area: 14%
[12:37:58] [Render thread/INFO] (Minecraft) Time elapsed: 3159 ms
[12:37:58] [Server thread/INFO] (Minecraft) Changing view distance to 12, from 10
[12:37:58] [Server thread/INFO] (Minecraft) Changing simulation distance to 12, from 0
[12:37:58] [Server thread/INFO] (Minecraft) dcman58[local:E:80cf65fb] logged in with entity id 176 at (61.784597841792475, 72.0, 30.704578822317842)
[12:37:58] [Server thread/INFO] (Minecraft) dcman58 joined the game
[12:37:59] [Render thread/INFO] (Minecraft) Loaded 0 advancements
[12:38:13] [Render thread/INFO] (Minecraft) [CHAT] Unknown or incomplete command, see below for error
[12:38:13] [Render thread/INFO] (Minecraft) [CHAT] ...player 123<--[HERE]
[12:38:15] [Server thread/INFO] (Minecraft) 123[local] logged in with entity id 368 at (61.784597841792475, 72.0, 30.704578822317842)
[12:38:15] [Server thread/INFO] (Minecraft) 123 joined the game
[12:38:15] [Render thread/INFO] (Minecraft) [CHAT] 123 joined the game
[12:39:23] [Server thread/INFO] (Minecraft) [dcman58: Set 123's game mode to Creative Mode]
[12:39:23] [Render thread/INFO] (Minecraft) [CHAT] Set 123's game mode to Creative Mode
[12:39:40] [Server thread/INFO] (Minecraft) [dcman58: Teleported 123 to 1061.610835, 255.000000, 1029.912219]
[12:39:40] [Render thread/INFO] (Minecraft) [CHAT] Teleported 123 to 1061.610835, 255.000000, 1029.912219
[12:39:44] [Server thread/WARN] (Minecraft) Can't keep up! Is the server overloaded? Running 2100ms or 42 ticks behind
[12:40:06] [Server thread/WARN] (Minecraft) Can't keep up! Is the server overloaded? Running 6827ms or 136 ticks behind
[12:40:10] [Server thread/INFO] (Minecraft) [dcman58: Set own game mode to Survival Mode]
[12:40:10] [Render thread/INFO] (Minecraft) [CHAT] Set own game mode to Survival Mode
[12:40:10] [Render thread/INFO] (Minecraft) Loaded 7 advancements
[12:40:18] [Server thread/INFO] (Minecraft) Saving and pausing game...
[12:40:18] [Server thread/INFO] (Minecraft) Saving chunks for level 'ServerLevel[Test]'/minecraft:overworld
[12:40:18] [Server thread/INFO] (Minecraft) Saving chunks for level 'ServerLevel[Test]'/minecraft:the_end
[12:40:18] [Server thread/INFO] (Minecraft) Saving chunks for level 'ServerLevel[Test]'/minecraft:the_nether
[12:40:18] [Server thread/INFO] (Minecraft) dcman58 lost connection: Disconnected
[12:40:18] [Server thread/INFO] (Minecraft) dcman58 left the game
[12:40:18] [Server thread/INFO] (Minecraft) Stopping singleplayer server as player logged out
[12:40:18] [Server thread/INFO] (Minecraft) Stopping server
[12:40:18] [Server thread/INFO] (Minecraft) Saving players
[12:40:18] [Server thread/INFO] (Minecraft) Saving worlds
[12:40:23] [Server thread/INFO] (Minecraft) Saving chunks for level 'ServerLevel[Test]'/minecraft:overworld
